<?xml version="1.0" encoding="UTF-8"?>
<!-- Generated by org.testng.reporters.JUnitReportReporter -->
<testsuite skipped="1" hostname="Cheryl" name="selenium.AIStrategy1Test" tests="1" failures="0" timestamp="04 Dec 2017 16:53:56 GMT" time="0.000" errors="0">
  <testcase name="FirstAIPlayer_Straight" time="0.000" classname="selenium.AIStrategy1Test">
    <skipped/>
  </testcase> <!-- FirstAIPlayer_Straight -->
</testsuite> <!-- selenium.AIStrategy1Test -->
